********* QUERY **********
SET statement_timeout = 0;
**************************

SET
********* QUERY **********
SET lock_timeout = 0;
**************************

SET
********* QUERY **********
SET idle_in_transaction_session_timeout = 0;
**************************

SET
********* QUERY **********
SET client_encoding = 'UTF8';
**************************

SET
********* QUERY **********
SET standard_conforming_strings = on;
**************************

SET
********* QUERY **********
SELECT pg_catalog.set_config('search_path', '', false);
**************************

       
+------------+
| set_config |
+------------+
|            |
+------------+
(1 row)

********* QUERY **********
SET check_function_bodies = false;
**************************

SET
********* QUERY **********
SET xmloption = content;
**************************

SET
********* QUERY **********
SET client_min_messages = warning;
**************************

SET
********* QUERY **********
SET row_security = off;
**************************

SET
********* QUERY **********
SET default_tablespace = '';
**************************

SET
********* QUERY **********
SET default_table_access_method = heap;
**************************

SET
********* QUERY **********
CREATE TABLE public.courses (
    course_id integer NOT NULL,
    course character varying(100) NOT NULL
);
**************************

********* QUERY **********
ALTER TABLE public.courses OWNER TO freecodecamp;
**************************

ALTER TABLE
********* QUERY **********
CREATE SEQUENCE public.courses_course_id_seq
    AS integer
    START WITH 1
    INCREMENT BY 1
    NO MINVALUE
    NO MAXVALUE
    CACHE 1;
**************************

********* QUERY **********
ALTER TABLE public.courses_course_id_seq OWNER TO freecodecamp;
**************************

ALTER TABLE
********* QUERY **********
ALTER SEQUENCE public.courses_course_id_seq OWNED BY public.courses.course_id;
**************************

ALTER SEQUENCE
********* QUERY **********
CREATE TABLE public.majors (
    major_id integer NOT NULL,
    major character varying(50) NOT NULL
);
**************************

********* QUERY **********
ALTER TABLE public.majors OWNER TO freecodecamp;
**************************

ALTER TABLE
********* QUERY **********
CREATE TABLE public.majors_courses (
    major_id integer NOT NULL,
    course_id integer NOT NULL
);
**************************

********* QUERY **********
ALTER TABLE public.majors_courses OWNER TO freecodecamp;
**************************

ALTER TABLE
********* QUERY **********
CREATE SEQUENCE public.majors_major_id_seq
    AS integer
    START WITH 1
    INCREMENT BY 1
    NO MINVALUE
    NO MAXVALUE
    CACHE 1;
**************************

********* QUERY **********
ALTER TABLE public.majors_major_id_seq OWNER TO freecodecamp;
**************************

ALTER TABLE
********* QUERY **********
ALTER SEQUENCE public.majors_major_id_seq OWNED BY public.majors.major_id;
**************************

ALTER SEQUENCE
********* QUERY **********
CREATE TABLE public.students (
    student_id integer NOT NULL,
    first_name character varying(50) NOT NULL,
    last_name character varying(50) NOT NULL,
    major_id integer,
    gpa numeric(2,1)
);
**************************

********* QUERY **********
ALTER TABLE public.students OWNER TO freecodecamp;
**************************

ALTER TABLE
********* QUERY **********
CREATE SEQUENCE public.students_student_id_seq
    AS integer
    START WITH 1
    INCREMENT BY 1
    NO MINVALUE
    NO MAXVALUE
    CACHE 1;
**************************

********* QUERY **********
ALTER TABLE public.students_student_id_seq OWNER TO freecodecamp;
**************************

ALTER TABLE
********* QUERY **********
ALTER SEQUENCE public.students_student_id_seq OWNED BY public.students.student_id;
**************************

ALTER SEQUENCE
********* QUERY **********
CREATE TABLE public.temp (
    major_name text,
    course_name text,
    id integer NOT NULL
);
**************************

********* QUERY **********
ALTER TABLE public.temp OWNER TO freecodecamp;
**************************

ALTER TABLE
********* QUERY **********
CREATE SEQUENCE public.temp_id_seq
    AS integer
    START WITH 1
    INCREMENT BY 1
    NO MINVALUE
    NO MAXVALUE
    CACHE 1;
**************************

********* QUERY **********
ALTER TABLE public.temp_id_seq OWNER TO freecodecamp;
**************************

ALTER TABLE
********* QUERY **********
ALTER SEQUENCE public.temp_id_seq OWNED BY public.temp.id;
**************************

ALTER SEQUENCE
********* QUERY **********
CREATE TABLE public.temp_students (
    first text,
    last text,
    major_name text,
    gpa_val character varying(10),
    gpa numeric(2,1)
);
**************************

********* QUERY **********
ALTER TABLE public.temp_students OWNER TO freecodecamp;
**************************

ALTER TABLE
********* QUERY **********
ALTER TABLE ONLY public.courses ALTER COLUMN course_id SET DEFAULT nextval('public.courses_course_id_seq'::regclass);
**************************

ALTER TABLE
********* QUERY **********
ALTER TABLE ONLY public.majors ALTER COLUMN major_id SET DEFAULT nextval('public.majors_major_id_seq'::regclass);
**************************

ALTER TABLE
********* QUERY **********
ALTER TABLE ONLY public.students ALTER COLUMN student_id SET DEFAULT nextval('public.students_student_id_seq'::regclass);
**************************

ALTER TABLE
********* QUERY **********
ALTER TABLE ONLY public.temp ALTER COLUMN id SET DEFAULT nextval('public.temp_id_seq'::regclass);
**************************

ALTER TABLE
********* QUERY **********
COPY public.courses (course_id, course) FROM stdin;
**************************

********* QUERY **********
COPY public.majors (major_id, major) FROM stdin;
**************************

********* QUERY **********
COPY public.majors_courses (major_id, course_id) FROM stdin;
**************************

********* QUERY **********
COPY public.students (student_id, first_name, last_name, major_id, gpa) FROM stdin;
**************************

COPY 0
********* QUERY **********
COPY public.temp (major_name, course_name, id) FROM stdin;
**************************

********* QUERY **********
COPY public.temp_students (first, last, major_name, gpa_val, gpa) FROM stdin;
**************************

COPY 31
********* QUERY **********
SELECT pg_catalog.setval('public.courses_course_id_seq', 1, true);
**************************

     
+--------+
| setval |
+--------+
|      1 |
+--------+
(1 row)

********* QUERY **********
SELECT pg_catalog.setval('public.majors_major_id_seq', 2, true);
**************************

     
+--------+
| setval |
+--------+
|      2 |
+--------+
(1 row)

********* QUERY **********
SELECT pg_catalog.setval('public.students_student_id_seq', 1, false);
**************************

     
+--------+
| setval |
+--------+
|      1 |
+--------+
(1 row)

********* QUERY **********
SELECT pg_catalog.setval('public.temp_id_seq', 28, true);
**************************

     
+--------+
| setval |
+--------+
|     28 |
+--------+
(1 row)

********* QUERY **********
ALTER TABLE ONLY public.courses
    ADD CONSTRAINT courses_pkey PRIMARY KEY (course_id);
**************************

********* QUERY **********
ALTER TABLE ONLY public.majors_courses
    ADD CONSTRAINT majors_courses_pkey PRIMARY KEY (major_id, course_id);
**************************

********* QUERY **********
ALTER TABLE ONLY public.majors
    ADD CONSTRAINT majors_pkey PRIMARY KEY (major_id);
**************************

********* QUERY **********
ALTER TABLE ONLY public.students
    ADD CONSTRAINT students_pkey PRIMARY KEY (student_id);
**************************

********* QUERY **********
ALTER TABLE ONLY public.temp
    ADD CONSTRAINT temp_pkey PRIMARY KEY (id);
**************************

********* QUERY **********
ALTER TABLE ONLY public.majors_courses
    ADD CONSTRAINT majors_courses_course_id_fkey FOREIGN KEY (course_id) REFERENCES public.courses(course_id);
**************************

********* QUERY **********
ALTER TABLE ONLY public.majors_courses
    ADD CONSTRAINT majors_courses_major_id_fkey FOREIGN KEY (major_id) REFERENCES public.majors(major_id);
**************************

********* QUERY **********
ALTER TABLE ONLY public.students
    ADD CONSTRAINT students_major_id_fkey FOREIGN KEY (major_id) REFERENCES public.majors(major_id);
**************************

********* QUERY **********
SET statement_timeout = 0;
**************************

SET
********* QUERY **********
SET lock_timeout = 0;
**************************

SET
********* QUERY **********
SET idle_in_transaction_session_timeout = 0;
**************************

SET
********* QUERY **********
SET client_encoding = 'UTF8';
**************************

SET
********* QUERY **********
SET standard_conforming_strings = on;
**************************

SET
********* QUERY **********
SELECT pg_catalog.set_config('search_path', '', false);
**************************

       
+------------+
| set_config |
+------------+
|            |
+------------+
(1 row)

********* QUERY **********
SET check_function_bodies = false;
**************************

SET
********* QUERY **********
SET xmloption = content;
**************************

SET
********* QUERY **********
SET client_min_messages = warning;
**************************

SET
********* QUERY **********
SET row_security = off;
**************************

SET
********* QUERY **********
SET default_tablespace = '';
**************************

SET
********* QUERY **********
SET default_table_access_method = heap;
**************************

SET
********* QUERY **********
CREATE TABLE public.courses (
    course_id integer NOT NULL,
    course character varying(100) NOT NULL
);
**************************

********* QUERY **********
ALTER TABLE public.courses OWNER TO freecodecamp;
**************************

ALTER TABLE
********* QUERY **********
CREATE SEQUENCE public.courses_course_id_seq
    AS integer
    START WITH 1
    INCREMENT BY 1
    NO MINVALUE
    NO MAXVALUE
    CACHE 1;
**************************

********* QUERY **********
ALTER TABLE public.courses_course_id_seq OWNER TO freecodecamp;
**************************

ALTER TABLE
********* QUERY **********
ALTER SEQUENCE public.courses_course_id_seq OWNED BY public.courses.course_id;
**************************

ALTER SEQUENCE
********* QUERY **********
CREATE TABLE public.majors (
    major_id integer NOT NULL,
    major character varying(50) NOT NULL
);
**************************

********* QUERY **********
ALTER TABLE public.majors OWNER TO freecodecamp;
**************************

ALTER TABLE
********* QUERY **********
CREATE TABLE public.majors_courses (
    major_id integer NOT NULL,
    course_id integer NOT NULL
);
**************************

********* QUERY **********
ALTER TABLE public.majors_courses OWNER TO freecodecamp;
**************************

ALTER TABLE
********* QUERY **********
CREATE SEQUENCE public.majors_major_id_seq
    AS integer
    START WITH 1
    INCREMENT BY 1
    NO MINVALUE
    NO MAXVALUE
    CACHE 1;
**************************

********* QUERY **********
ALTER TABLE public.majors_major_id_seq OWNER TO freecodecamp;
**************************

ALTER TABLE
********* QUERY **********
ALTER SEQUENCE public.majors_major_id_seq OWNED BY public.majors.major_id;
**************************

ALTER SEQUENCE
********* QUERY **********
CREATE TABLE public.students (
    student_id integer NOT NULL,
    first_name character varying(50) NOT NULL,
    last_name character varying(50) NOT NULL,
    major_id integer,
    gpa numeric(2,1)
);
**************************

********* QUERY **********
ALTER TABLE public.students OWNER TO freecodecamp;
**************************

ALTER TABLE
********* QUERY **********
CREATE SEQUENCE public.students_student_id_seq
    AS integer
    START WITH 1
    INCREMENT BY 1
    NO MINVALUE
    NO MAXVALUE
    CACHE 1;
**************************

********* QUERY **********
ALTER TABLE public.students_student_id_seq OWNER TO freecodecamp;
**************************

ALTER TABLE
********* QUERY **********
ALTER SEQUENCE public.students_student_id_seq OWNED BY public.students.student_id;
**************************

ALTER SEQUENCE
********* QUERY **********
CREATE TABLE public.temp (
    major_name text,
    course_name text,
    id integer NOT NULL
);
**************************

CREATE TABLE
********* QUERY **********
ALTER TABLE public.temp OWNER TO freecodecamp;
**************************

ALTER TABLE
********* QUERY **********
CREATE SEQUENCE public.temp_id_seq
    AS integer
    START WITH 1
    INCREMENT BY 1
    NO MINVALUE
    NO MAXVALUE
    CACHE 1;
**************************

CREATE SEQUENCE
********* QUERY **********
ALTER TABLE public.temp_id_seq OWNER TO freecodecamp;
**************************

ALTER TABLE
********* QUERY **********
ALTER SEQUENCE public.temp_id_seq OWNED BY public.temp.id;
**************************

ALTER SEQUENCE
********* QUERY **********
CREATE TABLE public.temp_students (
    first text,
    last text,
    major_name text,
    gpa_val character varying(10),
    gpa numeric(2,1)
);
**************************

CREATE TABLE
********* QUERY **********
ALTER TABLE public.temp_students OWNER TO freecodecamp;
**************************

ALTER TABLE
********* QUERY **********
ALTER TABLE ONLY public.courses ALTER COLUMN course_id SET DEFAULT nextval('public.courses_course_id_seq'::regclass);
**************************

ALTER TABLE
********* QUERY **********
ALTER TABLE ONLY public.majors ALTER COLUMN major_id SET DEFAULT nextval('public.majors_major_id_seq'::regclass);
**************************

ALTER TABLE
********* QUERY **********
ALTER TABLE ONLY public.students ALTER COLUMN student_id SET DEFAULT nextval('public.students_student_id_seq'::regclass);
**************************

ALTER TABLE
********* QUERY **********
ALTER TABLE ONLY public.temp ALTER COLUMN id SET DEFAULT nextval('public.temp_id_seq'::regclass);
**************************

ALTER TABLE
********* QUERY **********
COPY public.courses (course_id, course) FROM stdin;
**************************

********* QUERY **********
COPY public.majors (major_id, major) FROM stdin;
**************************

********* QUERY **********
COPY public.majors_courses (major_id, course_id) FROM stdin;
**************************

********* QUERY **********
COPY public.students (student_id, first_name, last_name, major_id, gpa) FROM stdin;
**************************

COPY 0
********* QUERY **********
COPY public.temp (major_name, course_name, id) FROM stdin;
**************************

COPY 28
********* QUERY **********
COPY public.temp_students (first, last, major_name, gpa_val, gpa) FROM stdin;
**************************

COPY 31
********* QUERY **********
SELECT pg_catalog.setval('public.courses_course_id_seq', 1, true);
**************************

     
+--------+
| setval |
+--------+
|      1 |
+--------+
(1 row)

********* QUERY **********
SELECT pg_catalog.setval('public.majors_major_id_seq', 2, true);
**************************

     
+--------+
| setval |
+--------+
|      2 |
+--------+
(1 row)

********* QUERY **********
SELECT pg_catalog.setval('public.students_student_id_seq', 1, false);
**************************

     
+--------+
| setval |
+--------+
|      1 |
+--------+
(1 row)

********* QUERY **********
SELECT pg_catalog.setval('public.temp_id_seq', 28, true);
**************************

     
+--------+
| setval |
+--------+
|     28 |
+--------+
(1 row)

********* QUERY **********
ALTER TABLE ONLY public.courses
    ADD CONSTRAINT courses_pkey PRIMARY KEY (course_id);
**************************

********* QUERY **********
ALTER TABLE ONLY public.majors_courses
    ADD CONSTRAINT majors_courses_pkey PRIMARY KEY (major_id, course_id);
**************************

********* QUERY **********
ALTER TABLE ONLY public.majors
    ADD CONSTRAINT majors_pkey PRIMARY KEY (major_id);
**************************

********* QUERY **********
ALTER TABLE ONLY public.students
    ADD CONSTRAINT students_pkey PRIMARY KEY (student_id);
**************************

********* QUERY **********
ALTER TABLE ONLY public.temp
    ADD CONSTRAINT temp_pkey PRIMARY KEY (id);
**************************

ALTER TABLE
********* QUERY **********
ALTER TABLE ONLY public.majors_courses
    ADD CONSTRAINT majors_courses_course_id_fkey FOREIGN KEY (course_id) REFERENCES public.courses(course_id);
**************************

********* QUERY **********
ALTER TABLE ONLY public.majors_courses
    ADD CONSTRAINT majors_courses_major_id_fkey FOREIGN KEY (major_id) REFERENCES public.majors(major_id);
**************************

********* QUERY **********
ALTER TABLE ONLY public.students
    ADD CONSTRAINT students_major_id_fkey FOREIGN KEY (major_id) REFERENCES public.majors(major_id);
**************************

